<?xml version="1.0" encoding="UTF-8"?>
<testng-results skipped="0" failed="0" total="2" passed="2">
  <reporter-output>
    <line>
      <![CDATA[Executing DemoA]]>
    </line>
    <line>
      <![CDATA[TestValidLoginis passed]]>
    </line>
    <line>
      <![CDATA[test]]>
    </line>
    <line>
      <![CDATA[TesttestAis passed]]>
    </line>
  </reporter-output>
  <suite name="Suite" duration-ms="19927" started-at="2019-04-14T12:30:55Z" finished-at="2019-04-14T12:31:15Z">
    <groups>
    </groups>
    <test name="Test" duration-ms="19927" started-at="2019-04-14T12:30:55Z" finished-at="2019-04-14T12:31:15Z">
      <class name="script.TestBaseClass">
        <test-method status="PASS" signature="openApp()[pri:0, instance:script.TestBaseClass@668bc3d5]" name="openApp" is-config="true" duration-ms="5384" started-at="2019-04-14T18:01:09Z" finished-at="2019-04-14T18:01:15Z">
          <reporter-output>
          </reporter-output>
        </test-method> <!-- openApp -->
        <test-method status="PASS" signature="testA()[pri:0, instance:script.TestBaseClass@668bc3d5]" name="testA" duration-ms="0" started-at="2019-04-14T18:01:15Z" finished-at="2019-04-14T18:01:15Z">
          <reporter-output>
            <line>
              <![CDATA[test]]>
            </line>
          </reporter-output>
        </test-method> <!-- testA -->
        <test-method status="PASS" signature="closeApp(org.testng.ITestResult)[pri:0, instance:script.TestBaseClass@668bc3d5]" name="closeApp" is-config="true" duration-ms="517" started-at="2019-04-14T18:01:15Z" finished-at="2019-04-14T18:01:15Z">
          <params>
            <param index="0">
              <value>
                <![CDATA[[TestResult name=testA status=SUCCESS method=TestBaseClass.testA()[pri:0, instance:script.TestBaseClass@668bc3d5] output=test]]]>
              </value>
            </param>
          </params>
          <reporter-output>
            <line>
              <![CDATA[TesttestAis passed]]>
            </line>
          </reporter-output>
        </test-method> <!-- closeApp -->
      </class> <!-- script.TestBaseClass -->
      <class name="script.DemoA">
        <test-method status="PASS" signature="openApp()[pri:0, instance:script.DemoA@380fb434]" name="openApp" is-config="true" duration-ms="13701" started-at="2019-04-14T18:00:55Z" finished-at="2019-04-14T18:01:09Z">
          <reporter-output>
          </reporter-output>
        </test-method> <!-- openApp -->
        <test-method status="PASS" signature="ValidLogin()[pri:0, instance:script.DemoA@380fb434]" name="ValidLogin" duration-ms="2" started-at="2019-04-14T18:01:09Z" finished-at="2019-04-14T18:01:09Z">
          <reporter-output>
            <line>
              <![CDATA[Executing DemoA]]>
            </line>
          </reporter-output>
        </test-method> <!-- ValidLogin -->
        <test-method status="PASS" signature="closeApp(org.testng.ITestResult)[pri:0, instance:script.DemoA@380fb434]" name="closeApp" is-config="true" duration-ms="286" started-at="2019-04-14T18:01:09Z" finished-at="2019-04-14T18:01:09Z">
          <params>
            <param index="0">
              <value>
                <![CDATA[[TestResult name=ValidLogin status=SUCCESS method=DemoA.ValidLogin()[pri:0, instance:script.DemoA@380fb434] output=Executing DemoA]]]>
              </value>
            </param>
          </params>
          <reporter-output>
            <line>
              <![CDATA[TestValidLoginis passed]]>
            </line>
          </reporter-output>
        </test-method> <!-- closeApp -->
      </class> <!-- script.DemoA -->
    </test> <!-- Test -->
  </suite> <!-- Suite -->
</testng-results>
